<?xml version="1.0" encoding="UTF-8"?>
<!-- Generated by org.testng.reporters.JUnitXMLReporter -->
<testsuite ignored="2" hostname="User" failures="0" tests="1" name="Test_5" time="34.396" errors="0" timestamp="2024-10-21T14:54:23 IST">
  <testcase classname="com.CRM.ProductsTest.TestScriptForProducts" name="addProductName" time="18.035"/>
  <testcase classname="com.CRM.ProductsTest.TestScriptForProducts" name="addProductWithCredentials" time="0.0">
    <ignored/>
  </testcase> <!-- addProductWithCredentials -->
  <testcase classname="com.CRM.ProductsTest.TestScriptForProducts" name="addProductWithDate" time="0.0">
    <ignored/>
  </testcase> <!-- addProductWithDate -->
</testsuite> <!-- Test_5 -->
