<?xml version="1.0" encoding="UTF-8"?>
<!-- Generated by org.testng.reporters.JUnitXMLReporter -->
<testsuite ignored="3" hostname="User" failures="0" tests="1" name="Test_4" time="35.531" errors="0" timestamp="2024-10-21T14:54:24 IST">
  <testcase classname="com.CRM.OrganisationTest.TestScriptForOrganisation" name="createOrg" time="19.273"/>
  <testcase classname="com.CRM.OrganisationTest.TestScriptForOrganisation" name="deleteOrg" time="0.0">
    <ignored/>
  </testcase> <!-- deleteOrg -->
  <testcase classname="com.CRM.OrganisationTest.TestScriptForOrganisation" name="createOrgWithCredentials" time="0.0">
    <ignored/>
  </testcase> <!-- createOrgWithCredentials -->
  <testcase classname="com.CRM.OrganisationTest.TestScriptForOrganisation" name="createOrgWithContact" time="0.0">
    <ignored/>
  </testcase> <!-- createOrgWithContact -->
</testsuite> <!-- Test_4 -->
