<?xml version="1.0" encoding="UTF-8"?>
<!-- Generated by org.testng.reporters.JUnitXMLReporter -->
<testsuite ignored="2" hostname="User" failures="0" tests="1" name="Test_2" time="35.074" errors="0" timestamp="2024-10-21T14:54:24 IST">
  <testcase classname="com.CRM.ContactTest.TestScriptForCont" name="createContact" time="17.908"/>
  <testcase classname="com.CRM.ContactTest.TestScriptForCont" name="createContactWithOrgCredentials" time="0.0">
    <ignored/>
  </testcase> <!-- createContactWithOrgCredentials -->
  <testcase classname="com.CRM.ContactTest.TestScriptForCont" name="createContactWithDate" time="0.0">
    <ignored/>
  </testcase> <!-- createContactWithDate -->
</testsuite> <!-- Test_2 -->
