<?xml version="1.0" encoding="UTF-8"?>
<!-- Generated by org.testng.reporters.JUnitXMLReporter -->
<testsuite ignored="4" hostname="User" failures="0" tests="6" name="Test_Runner ----&gt; Edge" time="104.248" errors="0" timestamp="2024-10-21T17:10:44 IST">
  <testcase classname="com.CRM.LeadsTest.TestScriptForLeads" name="createLeads" time="10.615"/>
  <testcase classname="com.CRM.LeadsTest.TestScriptForLeads" name="createLeadsWithContact" time="8.798"/>
  <testcase classname="com.CRM.LeadsTest.TestScriptForLeads" name="createLeadsWithCredenials" time="12.182"/>
  <testcase classname="com.CRM.ProductsTest.TestScriptForProducts" name="addProductName" time="11.141"/>
  <testcase classname="com.CRM.ProductsTest.TestScriptForProducts" name="addProductWithCredentials" time="11.065"/>
  <testcase classname="com.CRM.ProductsTest.TestScriptForProducts" name="addProductWithDate" time="9.804"/>
  <testcase classname="com.CRM.BaseClass.BaseClass" name="@AfterSuite afterSuite" time="0.0">
    <ignored/>
  </testcase> <!-- @AfterSuite afterSuite -->
  <testcase classname="com.CRM.BaseClass.BaseClass" name="@BeforeTest beforeTest" time="0.0">
    <ignored/>
  </testcase> <!-- @BeforeTest beforeTest -->
  <testcase classname="com.CRM.BaseClass.BaseClass" name="@AfterTest afterTest" time="0.0">
    <ignored/>
  </testcase> <!-- @AfterTest afterTest -->
  <testcase classname="com.CRM.BaseClass.BaseClass" name="@BeforeSuite beforeSuite" time="0.0">
    <ignored/>
  </testcase> <!-- @BeforeSuite beforeSuite -->
</testsuite> <!-- Test_Runner -> Edge -->
