<?xml version="1.0" encoding="UTF-8"?>
<!-- Generated by org.testng.reporters.JUnitXMLReporter -->
<testsuite ignored="2" hostname="User" failures="0" tests="1" name="Test_3" time="34.378" errors="0" timestamp="2024-10-21T14:54:23 IST">
  <testcase classname="com.CRM.LeadsTest.TestScriptForLeads" name="createLeads" time="18.603"/>
  <testcase classname="com.CRM.LeadsTest.TestScriptForLeads" name="createLeadsWithCredenials" time="0.0">
    <ignored/>
  </testcase> <!-- createLeadsWithCredenials -->
  <testcase classname="com.CRM.LeadsTest.TestScriptForLeads" name="createLeadsWithContact" time="0.0">
    <ignored/>
  </testcase> <!-- createLeadsWithContact -->
</testsuite> <!-- Test_3 -->
