<?xml version="1.0" encoding="UTF-8"?>
<!-- Generated by org.testng.reporters.JUnitXMLReporter -->
<testsuite ignored="2" hostname="User" failures="0" tests="1" name="Test_1" time="33.952" errors="0" timestamp="2024-10-21T14:54:23 IST">
  <testcase classname="com.CRM.ServicesTest.TestScriptForServices" name="addServiceName" time="15.621"/>
  <testcase classname="com.CRM.ServicesTest.TestScriptForServices" name="addServiceswithDate" time="0.0">
    <ignored/>
  </testcase> <!-- addServiceswithDate -->
  <testcase classname="com.CRM.ServicesTest.TestScriptForServices" name="addServicesWithCredentials" time="0.0">
    <ignored/>
  </testcase> <!-- addServicesWithCredentials -->
</testsuite> <!-- Test_1 -->
